<ehcache>

  <defaultCache maxElementsInMemory="1000"
                eternal="false"
                timeToIdleSeconds="120"
                timeToLiveSeconds="120"
                memoryStoreEvictionPolicy="LRU" />

  <!-- Cache to hold all services' response values -->
  <cache name="autosuggest"
         maxElementsInMemory="10"
         eternal="false"
         overflowToDisk="false"
         timeToIdleSeconds="1"
         timeToLiveSeconds="1"
         memoryStoreEvictionPolicy="LRU" />

</ehcache>